/* ============================================
   AUTHENTICATION & PROFILE STYLES
   ============================================ */

.auth-section {
    display: flex;
    justify-content: center;
    align-items: center;
    min-height: 600px;
    padding: 20px;
}

.auth-container {
    background: white;
    padding: 40px;
    border-radius: 10px;
    box-shadow: 0 10px 30px rgba(0, 0, 0, 0.2);
    max-width: 500px;
    width: 100%;
}

.auth-container h1 {
    color: #667eea;
    margin-bottom: 10px;
    text-align: center;
    font-size: 2em;
}

.auth-subtitle {
    text-align: center;
    color: #999;
    margin-bottom: 30px;
    font-size: 1.05em;
}

.form-group {
    margin-bottom: 20px;
}

.form-group label {
    display: block;
    margin-bottom: 8px;
    color: #333;
    font-weight: 600;
}

.form-group input {
    width: 100%;
    padding: 12px;
    border: 2px solid #ddd;
    border-radius: 5px;
    font-size: 1em;
    transition: border-color 0.3s ease;
}

.form-group input:focus {
    outline: none;
    border-color: #667eea;
    box-shadow: 0 0 5px rgba(102, 126, 234, 0.3);
}

.auth-link {
    text-align: center;
    margin-top: 20px;
    color: #666;
}

.auth-link a {
    color: #667eea;
    text-decoration: none;
    font-weight: 600;
}

.auth-link a:hover {
    text-decoration: underline;
}

/* ============================================
   PROFILE STYLES
   ============================================ */

.profile-section {
    padding: 30px 0;
}

.profile-section h1 {
    color: #667eea;
    margin-bottom: 30px;
    text-align: center;
    font-size: 2em;
}

.profile-container {
    max-width: 800px;
    margin: 0 auto;
}

.profile-card {
    background: white;
    padding: 30px;
    border-radius: 10px;
    margin-bottom: 20px;
    box-shadow: 0 5px 15px rgba(0, 0, 0, 0.1);
}

.profile-card h2 {
    color: #667eea;
    margin-bottom: 20px;
    border-bottom: 2px solid #667eea;
    padding-bottom: 10px;
}

.profile-info p {
    padding: 10px 0;
    border-bottom: 1px solid #eee;
    display: flex;
    justify-content: space-between;
}

.profile-info p strong {
    color: #333;
}

.profile-info p span {
    color: #666;
}

.stats {
    display: grid;
    grid-template-columns: 1fr 1fr;
    gap: 20px;
    margin-top: 20px;
}

.stat-item {
    text-align: center;
    padding: 20px;
    background: linear-gradient(135deg, #667eea 0%, #764ba2 100%);
    color: white;
    border-radius: 10px;
}

.stat-value {
    font-size: 2.5em;
    font-weight: bold;
    margin-bottom: 10px;
}

.stat-label {
    font-size: 1em;
    opacity: 0.9;
}

.profile-actions {
    display: flex;
    gap: 10px;
    justify-content: center;
    margin-top: 20px;
    flex-wrap: wrap;
}

.profile-actions .btn {
    flex: 1;
    min-width: 150px;
}
